<?xml version="1.0" encoding="UTF-8"?>
<!-- Generated by org.testng.reporters.JUnitReportReporter -->
<testsuite hostname="DESKTOP-UQ5PKQM" failures="0" tests="1" name="runner.Runner" time="10.554" errors="0" timestamp="2023-02-22T16:59:43 EST" skipped="0">
  <testcase classname="runner.Runner" name="runScenario" time="10.554"/>
  <system-out/>
</testsuite> <!-- runner.Runner -->
